\BOOKMARK [1][-]{section.1}{\376\377\225\356\230\230\143\317\217\360\116\016\173\046\123\367\176\246\133\232}{}% 1
\BOOKMARK [1][-]{section.2}{\376\377\116\244\146\023\145\366\136\217\116\016\145\066\166\312\133\232\116\111}{}% 2
\BOOKMARK [1][-]{section.3}{\376\377\162\171\137\201\135\345\172\013}{}% 3
\BOOKMARK [2][-]{subsection.3.1}{\376\377\145\160\143\156\147\145\156\220\116\016\160\271\145\366\133\371\237\120}{section.3}% 4
\BOOKMARK [2][-]{subsection.3.2}{\376\377\123\357\116\244\146\023\140\047\173\133\220\011}{section.3}% 5
\BOOKMARK [2][-]{subsection.3.3}{\376\377\126\340\133\120\136\223\176\323\147\204}{section.3}% 6
\BOOKMARK [2][-]{subsection.3.4}{\376\377\177\072\131\061\120\074\131\004\164\006\116\016\152\052\142\052\227\142\150\007\121\306\123\026}{section.3}% 7
\BOOKMARK [1][-]{section.4}{\376\377\147\072\126\150\133\146\116\140\145\066\166\312\230\204\155\113\152\041\127\213}{}% 8
\BOOKMARK [2][-]{subsection.4.1}{\376\377\145\066\166\312\230\204\155\113\166\356\150\007}{section.4}% 9
\BOOKMARK [2][-]{subsection.4.2}{\376\377\210\114\116\032\116\055\140\047\213\255\176\303\150\007\173\176}{section.4}% 10
\BOOKMARK [2][-]{subsection.4.3}{\376\377\000W\000a\000l\000k\000-\000F\000o\000r\000w\000a\000r\000d\000\040\145\366\136\217\122\007\122\006}{section.4}% 11
\BOOKMARK [2][-]{subsection.4.4}{\376\377\000L\000i\000g\000h\000t\000G\000B\000M\000\040\133\146\116\140\225\356\230\230}{section.4}% 12
\BOOKMARK [2][-]{subsection.4.5}{\376\377\000A\000l\000p\000h\000a\000\040\136\163\156\321\116\016\213\304\116\367\143\007\150\007}{section.4}% 13
\BOOKMARK [1][-]{section.5}{\376\377\131\032\126\340\133\120\230\316\226\151\152\041\127\213}{}% 14
\BOOKMARK [2][-]{subsection.5.1}{\376\377\176\277\140\047\230\316\226\151\122\006\211\343\176\323\147\204}{section.5}% 15
\BOOKMARK [2][-]{subsection.5.2}{\376\377\230\316\226\151\126\340\133\120\146\264\227\062}{section.5}% 16
\BOOKMARK [2][-]{subsection.5.3}{\376\377\146\264\227\062\150\007\121\306\123\026}{section.5}% 17
\BOOKMARK [2][-]{subsection.5.4}{\376\377\126\340\133\120\145\066\166\312\166\204\142\052\227\142\122\240\147\103\126\336\137\122}{section.5}% 18
\BOOKMARK [2][-]{subsection.5.5}{\376\377\126\340\133\120\123\117\145\271\135\356\116\016\162\171\137\002\140\047\230\316\226\151}{section.5}% 19
\BOOKMARK [2][-]{subsection.5.6}{\376\377\123\117\145\271\135\356\167\351\226\065\166\204\230\316\226\151\122\006\211\343}{section.5}% 20
\BOOKMARK [2][-]{subsection.5.7}{\376\377\230\316\226\151\152\041\127\213\232\214\213\301}{section.5}% 21
\BOOKMARK [1][-]{section.6}{\376\377\176\304\124\010\117\030\123\026\152\041\127\213}{}% 22
\BOOKMARK [2][-]{subsection.6.1}{\376\377\000A\000l\000p\000h\000a\000\040\123\273\127\107\120\074}{section.6}% 23
\BOOKMARK [2][-]{subsection.6.2}{\376\377\123\125\147\037\117\030\123\026\166\356\150\007}{section.6}% 24
\BOOKMARK [2][-]{subsection.6.3}{\376\377\176\304\124\010\176\246\147\137}{section.6}% 25
\BOOKMARK [2][-]{subsection.6.4}{\376\377\221\315\123\340\143\001\116\323\147\072\122\066}{section.6}% 26
\BOOKMARK [2][-]{subsection.6.5}{\376\377\126\336\155\113\145\066\166\312\116\016\116\244\146\023\142\020\147\054}{section.6}% 27
\BOOKMARK [2][-]{subsection.6.6}{\376\377\126\336\155\113\176\351\145\110\143\007\150\007}{section.6}% 28
\BOOKMARK [1][-]{section.7}{\376\377\152\041\127\213\162\171\137\201\116\016\134\100\226\120}{}% 29
\BOOKMARK [1][-]{section.8}{\376\377\176\323\213\272}{}% 30
\BOOKMARK [1][-]{appendix.A}{\376\377\133\214\145\164\126\340\133\120\136\223\133\232\116\111}{}% 31
\BOOKMARK [2][-]{subsection.A.1}{\376\377\000A\000\040\176\304\377\032\137\256\211\302\176\323\147\204\116\016\221\317\116\367\126\340\133\120}{appendix.A}% 32
\BOOKMARK [2][-]{subsection.A.2}{\376\377\000B\000\040\176\304\377\032\127\372\147\054\227\142\116\016\117\060\120\074\126\340\133\120}{appendix.A}% 33
\BOOKMARK [2][-]{subsection.A.3}{\376\377\000C\000\040\176\304\377\032\142\052\227\142\166\370\133\371\116\016\210\145\121\105\162\171\137\201}{appendix.A}% 34
\BOOKMARK [2][-]{subsection.A.4}{\376\377\000A\000l\000p\000h\000a\0001\0000\0001\000\040\133\120\226\306\126\340\133\120}{appendix.A}% 35
